BARTIXXX FM/build/outputs/logs/manifest-merger-debug-report.txt
-- Merging decision tree log ---
manifest
ADDED from src\main\AndroidManifest.xml:19:1-112:12
	package
		ADDED from src\main\AndroidManifest.xml:20:5-32
		INJECTED from src\main\AndroidManifest.xml
		INJECTED from src\main\AndroidManifest.xml
	android:versionName
		ADDED from src\main\AndroidManifest.xml:23:5-32
		INJECTED from src\main\AndroidManifest.xml
		INJECTED from src\main\AndroidManifest.xml
	android:versionCode
		ADDED from src\main\AndroidManifest.xml:22:5-30
		INJECTED from src\main\AndroidManifest.xml
		INJECTED from src\main\AndroidManifest.xml
	xmlns:android
		ADDED from src\main\AndroidManifest.xml:19:11-69
	android:installLocation
		ADDED from src\main\AndroidManifest.xml:21:5-35
application
ADDED from src\main\AndroidManifest.xml:25:5-96:19
	android:label
		ADDED from src\main\AndroidManifest.xml:28:9-41
	android:debuggable
		ADDED from src\main\AndroidManifest.xml:26:9-34
	android:icon
		ADDED from src\main\AndroidManifest.xml:27:9-38
activity#com.nexes.manager.Settings
ADDED from src\main\AndroidManifest.xml:31:9-33:48
	android:label
		ADDED from src\main\AndroidManifest.xml:33:13-45
	android:name
		ADDED from src\main\AndroidManifest.xml:32:13-37
activity#com.nexes.manager.ProcessManager
ADDED from src\main\AndroidManifest.xml:34:9-36:51
	android:label
		ADDED from src\main\AndroidManifest.xml:36:13-48
	android:name
		ADDED from src\main\AndroidManifest.xml:35:13-43
activity#com.nexes.manager.WirelessManager
ADDED from src\main\AndroidManifest.xml:37:9-39:52
	android:label
		ADDED from src\main\AndroidManifest.xml:39:13-49
	android:name
		ADDED from src\main\AndroidManifest.xml:38:13-44
activity#com.nexes.manager.ApplicationBackup
ADDED from src\main\AndroidManifest.xml:40:9-42:54
	android:label
		ADDED from src\main\AndroidManifest.xml:42:13-51
	android:name
		ADDED from src\main\AndroidManifest.xml:41:13-46
activity#com.nexes.manager.Main
ADDED from src\main\AndroidManifest.xml:44:9-58:20
	android:label
		ADDED from src\main\AndroidManifest.xml:46:13-45
	android:name
		ADDED from src\main\AndroidManifest.xml:45:13-33
intent-filter#android.intent.action.MAIN+android.intent.category.LAUNCHER
ADDED from src\main\AndroidManifest.xml:47:13-50:29
action#android.intent.action.MAIN
ADDED from src\main\AndroidManifest.xml:48:17-69
	android:name
		ADDED from src\main\AndroidManifest.xml:48:25-66
category#android.intent.category.LAUNCHER
ADDED from src\main\AndroidManifest.xml:49:17-77
	android:name
		ADDED from src\main\AndroidManifest.xml:49:27-74
intent-filter#android.intent.action.GET_CONTENT+android.intent.category.DEFAULT+android.intent.category.OPENABLE
ADDED from src\main\AndroidManifest.xml:51:13-57:29
action#android.intent.action.GET_CONTENT
ADDED from src\main\AndroidManifest.xml:52:17-76
	android:name
		ADDED from src\main\AndroidManifest.xml:52:25-73
data
ADDED from src\main\AndroidManifest.xml:53:17-48
	android:mimeType
		ADDED from src\main\AndroidManifest.xml:53:23-45
category#android.intent.category.OPENABLE
ADDED from src\main\AndroidManifest.xml:55:17-77
	android:name
		ADDED from src\main\AndroidManifest.xml:55:27-74
category#android.intent.category.DEFAULT
ADDED from src\main\AndroidManifest.xml:56:17-76
	android:name
		ADDED from src\main\AndroidManifest.xml:56:27-73
activity#com.nexes.manager.AudioPlayblack
ADDED from src\main\AndroidManifest.xml:60:9-63:59
	android:label
		ADDED from src\main\AndroidManifest.xml:62:13-49
	android:theme
		ADDED from src\main\AndroidManifest.xml:63:13-56
	android:name
		ADDED from src\main\AndroidManifest.xml:61:13-43
activity#com.nexes.manager.DirectoryInfo
ADDED from src\main\AndroidManifest.xml:65:9-74:20
	android:enabled
		ADDED from src\main\AndroidManifest.xml:67:13-35
	android:label
		ADDED from src\main\AndroidManifest.xml:68:13-45
	android:name
		ADDED from src\main\AndroidManifest.xml:66:13-42
intent-filter#android.intent.action.VIEW+android.intent.category.DEFAULT
ADDED from src\main\AndroidManifest.xml:69:13-73:29
action#android.intent.action.VIEW
ADDED from src\main\AndroidManifest.xml:70:17-69
	android:name
		ADDED from src\main\AndroidManifest.xml:70:25-66
activity#com.nexes.manager.HelpManager
ADDED from src\main\AndroidManifest.xml:76:9-79:59
	android:label
		ADDED from src\main\AndroidManifest.xml:78:13-47
	android:theme
		ADDED from src\main\AndroidManifest.xml:79:13-56
	android:name
		ADDED from src\main\AndroidManifest.xml:77:13-40
supports-screens
ADDED from src\main\AndroidManifest.xml:97:5-100:39
	android:largeScreens
		ADDED from src\main\AndroidManifest.xml:98:9-36
	android:smallScreens
		ADDED from src\main\AndroidManifest.xml:100:9-36
	android:normalScreens
		ADDED from src\main\AndroidManifest.xml:99:9-37
uses-sdk
ADDED from src\main\AndroidManifest.xml:101:5-103:37
	android:maxSdkVersion
		ADDED from src\main\AndroidManifest.xml:102:9-35
	android:targetSdkVersion
		INJECTED from src\main\AndroidManifest.xml
		INJECTED from src\main\AndroidManifest.xml
	android:minSdkVersion
		ADDED from src\main\AndroidManifest.xml:103:9-34
		INJECTED from src\main\AndroidManifest.xml
		INJECTED from src\main\AndroidManifest.xml
uses-permission#android.permission.WRITE_EXTERNAL_STORAGE
ADDED from src\main\AndroidManifest.xml:105:5-81
	android:name
		ADDED from src\main\AndroidManifest.xml:105:22-78